Using pre-set license
Built from '2020.3/release' branch; Version is '2020.3.12f1 (b3b2c6512326) revision 11776710'; Using compiler version '192528614'; Build Type 'Release'
OS: 'Windows 10 Home; OS build 19044.1586; Version 2009; 64bit' Language: 'en' Physical Memory: 16312 MB
BatchMode: 1, IsHumanControllingUs: 0, StartBugReporterOnCrash: 0, Is64bit: 1, IsPro: 0

 COMMAND LINE ARGUMENTS:
C:\Program Files\Unity\Hub\Editor\2020.3.12f1\Editor\Unity.exe
-adb2
-batchMode
-noUpm
-name
AssetImportWorker0
-projectPath
D:/3DEEE-Group/Unity, under the sea
-logFile
Logs/AssetImportWorker0.log
-srvPort
59339
Successfully changed project path to: D:/3DEEE-Group/Unity, under the sea
D:/3DEEE-Group/Unity, under the sea
Using Asset Import Pipeline V2.
Refreshing native plugins compatible for Editor in 21.51 ms, found 2 plugins.
Preloading 0 native plugins for Editor in 0.00 ms.
Initialize engine version: 2020.3.12f1 (b3b2c6512326)
[Subsystems] Discovering subsystems at path C:/Program Files/Unity/Hub/Editor/2020.3.12f1/Editor/Data/Resources/UnitySubsystems
[Subsystems] Discovering subsystems at path D:/3DEEE-Group/Unity, under the sea/Assets
GfxDevice: creating device client; threaded=0
Direct3D:
    Version:  Direct3D 11.0 [level 11.1]
    Renderer: NVIDIA GeForce RTX 3060 (ID=0x2503)
    Vendor:   
    VRAM:     12143 MB
    Driver:   27.21.14.6663
Initialize mono
Mono path[0] = 'C:/Program Files/Unity/Hub/Editor/2020.3.12f1/Editor/Data/Managed'
Mono path[1] = 'C:/Program Files/Unity/Hub/Editor/2020.3.12f1/Editor/Data/MonoBleedingEdge/lib/mono/unityjit'
Mono config path = 'C:/Program Files/Unity/Hub/Editor/2020.3.12f1/Editor/Data/MonoBleedingEdge/etc'
Using monoOptions --debugger-agent=transport=dt_socket,embedding=1,server=y,suspend=n,address=127.0.0.1:56164
Begin MonoManager ReloadAssembly
Registering precompiled unity dll's ...
Register platform support module: C:/Program Files/Unity/Hub/Editor/2020.3.12f1/Editor/Data/PlaybackEngines/WindowsStandaloneSupport/UnityEditor.WindowsStandalone.Extensions.dll
Registered in 0.001541 seconds.
Native extension for WindowsStandalone target not found
Refreshing native plugins compatible for Editor in 21.73 ms, found 2 plugins.
Preloading 0 native plugins for Editor in 0.00 ms.
Mono: successfully reloaded assembly
- Completed reload, in  0.780 seconds
Platform modules already initialized, skipping
Registering precompiled user dll's ...
Registered in 0.001821 seconds.
Begin MonoManager ReloadAssembly
Native extension for WindowsStandalone target not found
Refreshing native plugins compatible for Editor in 0.24 ms, found 2 plugins.
Preloading 0 native plugins for Editor in 0.00 ms.
Mono: successfully reloaded assembly
- Completed reload, in  0.757 seconds
Platform modules already initialized, skipping
========================================================================
Worker process is ready to serve import requests
Launched and connected shader compiler UnityShaderCompiler.exe after 0.04 seconds
Refreshing native plugins compatible for Editor in 0.25 ms, found 2 plugins.
Preloading 0 native plugins for Editor in 0.00 ms.
Unloading 1386 Unused Serialized files (Serialized files now loaded: 0)
System memory in use before: 65.0 MB.
System memory in use after: 65.0 MB.

Unloading 19 unused Assets to reduce memory usage. Loaded Objects now: 1819.
Total: 1.438800 ms (FindLiveObjects: 0.100000 ms CreateObjectMapping: 0.028900 ms MarkObjects: 1.225600 ms  DeleteObjects: 0.083700 ms)

AssetImportParameters requested are different than current active one (requested -> active):
  custom:framework-win-MediaFoundation: 216162199b28c13a410421893ffa2e32 -> 
  custom:video-decoder-ogg-theora: a1e56fd34408186e4bbccfd4996cb3dc -> 
  custom:container-muxer-webm: aa71ff27fc2769a1b78a27578f13a17b -> 
  custom:container-demuxer-webm: 4f35f7cbe854078d1ac9338744f61a02 -> 
  custom:container-demuxer-ogg: 62fdf1f143b41e24485cea50d1cbac27 -> 
  custom:video-encoder-webm-vp8: eb34c28f22e8b96e1ab97ce403110664 -> 
  custom:video-decoder-webm-vp8: 9c59270c3fd7afecdb556c50c9e8de78 -> 
  custom:audio-decoder-ogg-vorbis: bf7c407c2cedff20999df2af8eb42d56 -> 
  custom:audio-encoder-webm-vorbis: bf7c407c2cedff20999df2af8eb42d56 -> 
========================================================================
Received Import Request.
  path: Assets/Models/Bar
  artifactKey: Guid(2214c4f36afae3c49aafe1533361d5cd) Importer(815301076,1909f56bfc062723c751e8b465ee728b)
Start importing Assets/Models/Bar using Guid(2214c4f36afae3c49aafe1533361d5cd) Importer(815301076,1909f56bfc062723c751e8b465ee728b)  -> (artifact id: '39fa47083101a017fa46b95a343be9b3') in 0.004940 seconds 
  Import took 0.006448 seconds .

========================================================================
Received Import Request.
  Time since last request: 0.000218 seconds.
  path: Assets/Models/Bar/Table.002.exr
  artifactKey: Guid(9b6d35733c15abc438afce11990cab28) Importer(815301076,1909f56bfc062723c751e8b465ee728b)
Start importing Assets/Models/Bar/Table.002.exr using Guid(9b6d35733c15abc438afce11990cab28) Importer(815301076,1909f56bfc062723c751e8b465ee728b)  -> (artifact id: '1b15dbb0e77139062c4c7453dd72ba12') in 0.052795 seconds 
  Import took 0.054305 seconds .

========================================================================
Received Import Request.
  Time since last request: 0.000180 seconds.
  path: Assets/Models/Bar/Table.003.exr
  artifactKey: Guid(b9cf5c02d7055974fa02077baf6df356) Importer(815301076,1909f56bfc062723c751e8b465ee728b)
Start importing Assets/Models/Bar/Table.003.exr using Guid(b9cf5c02d7055974fa02077baf6df356) Importer(815301076,1909f56bfc062723c751e8b465ee728b)  -> (artifact id: '5d73c9cab77c1f23acd08eb6f1b5f17d') in 0.011600 seconds 
  Import took 0.013379 seconds .

========================================================================
Received Import Request.
  Time since last request: 0.000203 seconds.
  path: Assets/Models/Bar/Table.001.exr
  artifactKey: Guid(a71237e585e60bd41afdb3ea016c8fb2) Importer(815301076,1909f56bfc062723c751e8b465ee728b)
Start importing Assets/Models/Bar/Table.001.exr using Guid(a71237e585e60bd41afdb3ea016c8fb2) Importer(815301076,1909f56bfc062723c751e8b465ee728b)  -> (artifact id: 'a4ef4740d6b49bf98c3df0586d239ec8') in 0.010946 seconds 
  Import took 0.012604 seconds .

========================================================================
Received Import Request.
  Time since last request: 0.000189 seconds.
  path: Assets/Models/Bar/boxes.png
  artifactKey: Guid(577817b9ea1da0543aa884c7951c2b43) Importer(815301076,1909f56bfc062723c751e8b465ee728b)
Start importing Assets/Models/Bar/boxes.png using Guid(577817b9ea1da0543aa884c7951c2b43) Importer(815301076,1909f56bfc062723c751e8b465ee728b)  -> (artifact id: '434c459336cd95d48520a589e133e04d') in 0.032401 seconds 
  Import took 0.034103 seconds .

========================================================================
Received Import Request.
  Time since last request: 0.000175 seconds.
  path: Assets/Models/Bar/table 2.png
  artifactKey: Guid(83d99d65dfb0dc144af9523cb29be78e) Importer(815301076,1909f56bfc062723c751e8b465ee728b)
Start importing Assets/Models/Bar/table 2.png using Guid(83d99d65dfb0dc144af9523cb29be78e) Importer(815301076,1909f56bfc062723c751e8b465ee728b)  -> (artifact id: '8bc9fdfe4b99e27d873f6600b053c264') in 0.007025 seconds 
  Import took 0.008837 seconds .

========================================================================
Received Import Request.
  Time since last request: 0.000202 seconds.
  path: Assets/Models/Bar/chair color.png
  artifactKey: Guid(93ac8cda637d1594fb87243940cc8f43) Importer(815301076,1909f56bfc062723c751e8b465ee728b)
Start importing Assets/Models/Bar/chair color.png using Guid(93ac8cda637d1594fb87243940cc8f43) Importer(815301076,1909f56bfc062723c751e8b465ee728b)  -> (artifact id: '7819609ce33758f795fbc90c60193072') in 0.007872 seconds 
  Import took 0.009569 seconds .

========================================================================
Received Import Request.
  Time since last request: 0.000253 seconds.
  path: Assets/Models/Bar/wine box.png
  artifactKey: Guid(565dcb050fccd594e9b3f04a4546c127) Importer(815301076,1909f56bfc062723c751e8b465ee728b)
Start importing Assets/Models/Bar/wine box.png using Guid(565dcb050fccd594e9b3f04a4546c127) Importer(815301076,1909f56bfc062723c751e8b465ee728b)  -> (artifact id: 'd166e1b91d722e69d7885d5e90340638') in 0.007919 seconds 
  Import took 0.009596 seconds .

========================================================================
Received Import Request.
  Time since last request: 0.000206 seconds.
  path: Assets/Models/Bar/Bar.fbx
  artifactKey: Guid(c08b123cc1b4f7d42af07b52802049e4) Importer(815301076,1909f56bfc062723c751e8b465ee728b)
Start importing Assets/Models/Bar/Bar.fbx using Guid(c08b123cc1b4f7d42af07b52802049e4) Importer(815301076,1909f56bfc062723c751e8b465ee728b)  -> (artifact id: 'b5bfa38919f1dfb25be60bd863bc7f95') in 0.524562 seconds 
  Import took 0.527151 seconds .

========================================================================
Received Import Request.
  Time since last request: 0.000194 seconds.
  path: Assets/Models/Bar/Table.exr
  artifactKey: Guid(22e589a58da028343a249ea6ad0ff0b8) Importer(815301076,1909f56bfc062723c751e8b465ee728b)
Start importing Assets/Models/Bar/Table.exr using Guid(22e589a58da028343a249ea6ad0ff0b8) Importer(815301076,1909f56bfc062723c751e8b465ee728b)  -> (artifact id: 'd89bbcbe9ab9ae75ffe178e92f793bf4') in 0.007171 seconds 
  Import took 0.008996 seconds .

========================================================================
Received Import Request.
  Time since last request: 0.000168 seconds.
  path: Assets/Models/Bar/bottle001.png
  artifactKey: Guid(cb31d6c981db5dd4d81829b99e067985) Importer(815301076,1909f56bfc062723c751e8b465ee728b)
Start importing Assets/Models/Bar/bottle001.png using Guid(cb31d6c981db5dd4d81829b99e067985) Importer(815301076,1909f56bfc062723c751e8b465ee728b)  -> (artifact id: '3412b3d936dc66d766733fb3104d1cf3') in 0.006986 seconds 
  Import took 0.008656 seconds .

========================================================================
Received Import Request.
  Time since last request: 2.197521 seconds.
  path: Assets/Models/Ship/above part 1.001.png
  artifactKey: Guid(4a403460c3146e643b611749e6280f4e) Importer(815301076,1909f56bfc062723c751e8b465ee728b)
Start importing Assets/Models/Ship/above part 1.001.png using Guid(4a403460c3146e643b611749e6280f4e) Importer(815301076,1909f56bfc062723c751e8b465ee728b)  -> (artifact id: '56f9b4e52ad1307376599c9305708e7e') in 0.010716 seconds 
  Import took 0.013299 seconds .

========================================================================
Received Import Request.
  Time since last request: 0.000209 seconds.
  path: Assets/Models/Ship/above part 2.003.png
  artifactKey: Guid(608d8f5f1b08de24d8a6f60ac5eefcc5) Importer(815301076,1909f56bfc062723c751e8b465ee728b)
Start importing Assets/Models/Ship/above part 2.003.png using Guid(608d8f5f1b08de24d8a6f60ac5eefcc5) Importer(815301076,1909f56bfc062723c751e8b465ee728b)  -> (artifact id: 'e473bdf3cf4a7753617dd533782f2543') in 0.008485 seconds 
  Import took 0.010108 seconds .

========================================================================
Received Import Request.
  Time since last request: 0.000192 seconds.
  path: Assets/Models/Ship/Middle boat part.png
  artifactKey: Guid(ebd4bd86dac99ca4298489307ab22ae3) Importer(815301076,1909f56bfc062723c751e8b465ee728b)
Start importing Assets/Models/Ship/Middle boat part.png using Guid(ebd4bd86dac99ca4298489307ab22ae3) Importer(815301076,1909f56bfc062723c751e8b465ee728b)  -> (artifact id: 'f46ee91ad8a674fb0b168dab2715881d') in 0.010088 seconds 
  Import took 0.012446 seconds .

========================================================================
Received Import Request.
  Time since last request: 0.000231 seconds.
  path: Assets/Models/Ship/Ship.fbx
  artifactKey: Guid(6944b02d6eb536f42a7a1c385805a3d3) Importer(815301076,1909f56bfc062723c751e8b465ee728b)
Start importing Assets/Models/Ship/Ship.fbx using Guid(6944b02d6eb536f42a7a1c385805a3d3) Importer(815301076,1909f56bfc062723c751e8b465ee728b)  -> (artifact id: 'd4d4b3216202423e45e46f3f9e4fbb07') in 0.090421 seconds 
  Import took 0.092317 seconds .

========================================================================
Received Import Request.
  Time since last request: 0.000220 seconds.
  path: Assets/Models/Ship/above part of ship.001.png
  artifactKey: Guid(9fcb1e2d9f326b849bb389c4388dd619) Importer(815301076,1909f56bfc062723c751e8b465ee728b)
Start importing Assets/Models/Ship/above part of ship.001.png using Guid(9fcb1e2d9f326b849bb389c4388dd619) Importer(815301076,1909f56bfc062723c751e8b465ee728b)  -> (artifact id: '56bf1d865f5d9beeba1be019759f36c1') in 0.007810 seconds 
  Import took 0.009413 seconds .

========================================================================
Received Import Request.
  Time since last request: 0.000204 seconds.
  path: Assets/Models/Ship/under part.002.png
  artifactKey: Guid(2357942aa662e7c449fd68902953857f) Importer(815301076,1909f56bfc062723c751e8b465ee728b)
Start importing Assets/Models/Ship/under part.002.png using Guid(2357942aa662e7c449fd68902953857f) Importer(815301076,1909f56bfc062723c751e8b465ee728b)  -> (artifact id: '57bf7f764ea8e2da75337b295109af9a') in 0.008299 seconds 
  Import took 0.010359 seconds .

========================================================================
Received Import Request.
  Time since last request: 0.000190 seconds.
  path: Assets/Models/Ship/above part of ship.002.png
  artifactKey: Guid(760147e105231ef4292f668856d6f11b) Importer(815301076,1909f56bfc062723c751e8b465ee728b)
Start importing Assets/Models/Ship/above part of ship.002.png using Guid(760147e105231ef4292f668856d6f11b) Importer(815301076,1909f56bfc062723c751e8b465ee728b)  -> (artifact id: '20d0c558e4df655a868b28ce805d064c') in 0.007747 seconds 
  Import took 0.009934 seconds .

========================================================================
Received Import Request.
  Time since last request: 0.000267 seconds.
  path: Assets/Models/Ship/under part.001.png
  artifactKey: Guid(167f521ec0441c9489413a56a3ad95fd) Importer(815301076,1909f56bfc062723c751e8b465ee728b)
Start importing Assets/Models/Ship/under part.001.png using Guid(167f521ec0441c9489413a56a3ad95fd) Importer(815301076,1909f56bfc062723c751e8b465ee728b)  -> (artifact id: '788087c371954b490a9a00e93d5ae6ee') in 0.008879 seconds 
  Import took 0.011016 seconds .

========================================================================
Received Import Request.
  Time since last request: 0.000309 seconds.
  path: Assets/Models/Ship/window under 2 paint.png
  artifactKey: Guid(34809e0853e267c44962d063ea0bde12) Importer(815301076,1909f56bfc062723c751e8b465ee728b)
Start importing Assets/Models/Ship/window under 2 paint.png using Guid(34809e0853e267c44962d063ea0bde12) Importer(815301076,1909f56bfc062723c751e8b465ee728b)  -> (artifact id: '3756d4bbb9124ea0aa71c1fedb4aab0e') in 0.015066 seconds 
  Import took 0.017043 seconds .

========================================================================
Received Import Request.
  Time since last request: 0.000181 seconds.
  path: Assets/Models/Ship/above part 2.002.png
  artifactKey: Guid(6e81fe0aa586b694f894f8b051607aed) Importer(815301076,1909f56bfc062723c751e8b465ee728b)
Start importing Assets/Models/Ship/above part 2.002.png using Guid(6e81fe0aa586b694f894f8b051607aed) Importer(815301076,1909f56bfc062723c751e8b465ee728b)  -> (artifact id: 'ec757d4d9fb01cac6301079036136dcd') in 0.008726 seconds 
  Import took 0.010793 seconds .

========================================================================
Received Import Request.
  Time since last request: 0.000199 seconds.
  path: Assets/Models/Ship/window 2 paint.png
  artifactKey: Guid(f3ab752f068f07d4d89ff534f0899d6c) Importer(815301076,1909f56bfc062723c751e8b465ee728b)
Start importing Assets/Models/Ship/window 2 paint.png using Guid(f3ab752f068f07d4d89ff534f0899d6c) Importer(815301076,1909f56bfc062723c751e8b465ee728b)  -> (artifact id: '0374a9607f6463cb29e0bfff7ec99fc1') in 0.013197 seconds 
  Import took 0.014913 seconds .

========================================================================
Received Import Request.
  Time since last request: 0.000284 seconds.
  path: Assets/Models/Ship/window 1.002.png
  artifactKey: Guid(af17b1af56a659e469422b70fe4a0ce4) Importer(815301076,1909f56bfc062723c751e8b465ee728b)
Start importing Assets/Models/Ship/window 1.002.png using Guid(af17b1af56a659e469422b70fe4a0ce4) Importer(815301076,1909f56bfc062723c751e8b465ee728b)  -> (artifact id: 'be5801eda0640bc90856f2d175ef2a34') in 0.009416 seconds 
  Import took 0.011418 seconds .

========================================================================
Received Import Request.
  Time since last request: 0.000240 seconds.
  path: Assets/Models/Ship/above part of ship.png
  artifactKey: Guid(9507cbd84a736e24b949547e98a67243) Importer(815301076,1909f56bfc062723c751e8b465ee728b)
Start importing Assets/Models/Ship/above part of ship.png using Guid(9507cbd84a736e24b949547e98a67243) Importer(815301076,1909f56bfc062723c751e8b465ee728b)  -> (artifact id: '2855aadb7d37dc8c6e43c47c253c8b87') in 0.008447 seconds 
  Import took 0.010552 seconds .

========================================================================
Received Import Request.
  Time since last request: 0.000217 seconds.
  path: Assets/Models/Ship/above part 1.003.png
  artifactKey: Guid(a3f7a566f01d787409fdc7b8ce747982) Importer(815301076,1909f56bfc062723c751e8b465ee728b)
Start importing Assets/Models/Ship/above part 1.003.png using Guid(a3f7a566f01d787409fdc7b8ce747982) Importer(815301076,1909f56bfc062723c751e8b465ee728b)  -> (artifact id: '047b9f01a34f11717f49373465993724') in 0.008219 seconds 
  Import took 0.010036 seconds .

========================================================================
Received Import Request.
  Time since last request: 0.000233 seconds.
  path: Assets/Models/Ship/above part 1.002.png
  artifactKey: Guid(7a9f7b8e5694c3f438427895a04d6a92) Importer(815301076,1909f56bfc062723c751e8b465ee728b)
Start importing Assets/Models/Ship/above part 1.002.png using Guid(7a9f7b8e5694c3f438427895a04d6a92) Importer(815301076,1909f56bfc062723c751e8b465ee728b)  -> (artifact id: 'bb952bd037c248c8fcb0f979be72bc59') in 0.010210 seconds 
  Import took 0.012216 seconds .

========================================================================
Received Import Request.
  Time since last request: 0.000181 seconds.
  path: Assets/Models/Ship/window 1.001.png
  artifactKey: Guid(53fde6b02a4e64d41a59c2e5074b56bc) Importer(815301076,1909f56bfc062723c751e8b465ee728b)
Start importing Assets/Models/Ship/window 1.001.png using Guid(53fde6b02a4e64d41a59c2e5074b56bc) Importer(815301076,1909f56bfc062723c751e8b465ee728b)  -> (artifact id: '69c0e3f26cdd6b5aaef66791011617a6') in 0.013225 seconds 
  Import took 0.015107 seconds .

========================================================================
Received Import Request.
  Time since last request: 0.000271 seconds.
  path: Assets/Models/Ship/Middle boat part.001.png
  artifactKey: Guid(f4c07b7c8dad2fb44acd42d7db6b9be6) Importer(815301076,1909f56bfc062723c751e8b465ee728b)
Start importing Assets/Models/Ship/Middle boat part.001.png using Guid(f4c07b7c8dad2fb44acd42d7db6b9be6) Importer(815301076,1909f56bfc062723c751e8b465ee728b)  -> (artifact id: '6a1e989638505801b5512d2e99a3bba5') in 0.008319 seconds 
  Import took 0.010062 seconds .

========================================================================
Received Import Request.
  Time since last request: 0.000209 seconds.
  path: Assets/Models/Ship/window 1.png
  artifactKey: Guid(ccd9aaac94f62c2458d3bced85e5effe) Importer(815301076,1909f56bfc062723c751e8b465ee728b)
Start importing Assets/Models/Ship/window 1.png using Guid(ccd9aaac94f62c2458d3bced85e5effe) Importer(815301076,1909f56bfc062723c751e8b465ee728b)  -> (artifact id: '65d22e8284e1445c09270c9e8ee293e8') in 0.010589 seconds 
  Import took 0.012569 seconds .

========================================================================
Received Import Request.
  Time since last request: 0.000197 seconds.
  path: Assets/Models/Ship/above part 2.001.png
  artifactKey: Guid(534c7d7be1b4b6743ba2e6e0b511eb82) Importer(815301076,1909f56bfc062723c751e8b465ee728b)
Start importing Assets/Models/Ship/above part 2.001.png using Guid(534c7d7be1b4b6743ba2e6e0b511eb82) Importer(815301076,1909f56bfc062723c751e8b465ee728b)  -> (artifact id: '4910003417b36bbb76cdb7c161c6f6f7') in 0.010442 seconds 
  Import took 0.012263 seconds .

========================================================================
Received Import Request.
  Time since last request: 0.000228 seconds.
  path: Assets/Models/Ship/under part.png
  artifactKey: Guid(e8617ac6e59d97948af880748499b828) Importer(815301076,1909f56bfc062723c751e8b465ee728b)
Start importing Assets/Models/Ship/under part.png using Guid(e8617ac6e59d97948af880748499b828) Importer(815301076,1909f56bfc062723c751e8b465ee728b)  -> (artifact id: '09cb019151c187b9a0d4d76b2fad16a6') in 0.013815 seconds 
  Import took 0.015998 seconds .

========================================================================
Received Import Request.
  Time since last request: 0.000238 seconds.
  path: Assets/Models/Ship/Middle boat part.002.png
  artifactKey: Guid(4f0e068023e857743bbf17c359d1ba50) Importer(815301076,1909f56bfc062723c751e8b465ee728b)
Start importing Assets/Models/Ship/Middle boat part.002.png using Guid(4f0e068023e857743bbf17c359d1ba50) Importer(815301076,1909f56bfc062723c751e8b465ee728b)  -> (artifact id: '2be838f2d65b324567f7a8550a85d27d') in 0.006758 seconds 
  Import took 0.008802 seconds .

========================================================================
Received Import Request.
  Time since last request: 0.000157 seconds.
  path: Assets/Models/Ship/window under 1 paint.png
  artifactKey: Guid(6b272d560989f3144b5db2ecc4f93c1e) Importer(815301076,1909f56bfc062723c751e8b465ee728b)
Start importing Assets/Models/Ship/window under 1 paint.png using Guid(6b272d560989f3144b5db2ecc4f93c1e) Importer(815301076,1909f56bfc062723c751e8b465ee728b)  -> (artifact id: 'b9d1a5c8f7df2716d97280ce29480559') in 0.007465 seconds 
  Import took 0.009612 seconds .

AssetImportWorkerClient::OnTransportError - code=2 error=End of file
